<?xml version="1.0" encoding="UTF-8"?>
<testng-results skipped="0" failed="0" total="1" passed="1">
  <reporter-output>
  </reporter-output>
  <suite name="Default suite" duration-ms="48104" started-at="2020-07-04T16:49:44Z" finished-at="2020-07-04T16:50:32Z">
    <groups>
    </groups>
    <test name="Default test" duration-ms="48104" started-at="2020-07-04T16:49:44Z" finished-at="2020-07-04T16:50:32Z">
      <class name="test.UI_Test">
        <test-method status="PASS" signature="beforeClass()[pri:0, instance:test.UI_Test@1cd072a9]" name="beforeClass" is-config="true" duration-ms="14370" started-at="2020-07-04T22:19:44Z" finished-at="2020-07-04T22:19:59Z">
          <reporter-output>
          </reporter-output>
        </test-method> <!-- beforeClass -->
        <test-method status="PASS" signature="linkedInValidation()[pri:0, instance:test.UI_Test@1cd072a9]" name="linkedInValidation" duration-ms="33546" started-at="2020-07-04T22:19:59Z" finished-at="2020-07-04T22:20:32Z">
          <reporter-output>
          </reporter-output>
        </test-method> <!-- linkedInValidation -->
        <test-method status="PASS" signature="afterClass()[pri:0, instance:test.UI_Test@1cd072a9]" name="afterClass" is-config="true" duration-ms="174" started-at="2020-07-04T22:20:32Z" finished-at="2020-07-04T22:20:32Z">
          <reporter-output>
          </reporter-output>
        </test-method> <!-- afterClass -->
      </class> <!-- test.UI_Test -->
    </test> <!-- Default test -->
  </suite> <!-- Default suite -->
</testng-results>
